<?xml version="1.0" encoding="UTF-8"?>
<!-- Generated by org.testng.reporters.JUnitReportReporter -->
<testsuite skipped="0" hostname="ajenifer" name="com.training.regression.tests.LoginDBTest" tests="2" failures="0" timestamp="26 Jun 2019 04:50:22 GMT" time="37.378" errors="0">
  <testcase name="loginDBTest" time="20.641" classname="com.training.regression.tests.LoginDBTest"/>
  <testcase name="loginDBTest" time="16.737" classname="com.training.regression.tests.LoginDBTest"/>
</testsuite> <!-- com.training.regression.tests.LoginDBTest -->
