<?xml version="1.0" encoding="UTF-8"?>
<!-- Generated by org.testng.reporters.JUnitReportReporter -->
<testsuite hostname="ajenifer" name="com.training.sanity.tests.CustomerDeleteTest" tests="1" failures="0" timestamp="17 Jun 2019 05:48:01 GMT" time="23.463" errors="0">
  <testcase name="Cust_Search_Test" time="23.463" classname="com.training.sanity.tests.CustomerDeleteTest"/>
</testsuite> <!-- com.training.sanity.tests.CustomerDeleteTest -->
