<?xml version="1.0" encoding="UTF-8"?>
<!-- Generated by org.testng.reporters.JUnitReportReporter -->
<testsuite skipped="0" hostname="ajenifer" name="com.training.regression.tests.RegisterExcelTest" tests="2" failures="0" timestamp="26 Jun 2019 17:02:38 GMT" time="94.893" errors="0">
  <testcase name="RegisterTest" time="41.577" classname="com.training.regression.tests.RegisterExcelTest"/>
  <testcase name="RegisterTest" time="53.316" classname="com.training.regression.tests.RegisterExcelTest"/>
</testsuite> <!-- com.training.regression.tests.RegisterExcelTest -->
