<?xml version="1.0" encoding="UTF-8"?>
<!-- Generated by org.testng.reporters.JUnitReportReporter -->
<testsuite skipped="0" hostname="ajenifer" name="com.training.regression.tests.RegisterInvalidExcelTest" tests="1" failures="0" timestamp="27 Jun 2019 08:26:18 GMT" time="35.319" errors="0">
  <testcase name="RegisterTest" time="35.319" classname="com.training.regression.tests.RegisterInvalidExcelTest"/>
</testsuite> <!-- com.training.regression.tests.RegisterInvalidExcelTest -->
