<?xml version="1.0" encoding="UTF-8"?>
<!-- Generated by org.testng.reporters.JUnitReportReporter -->
<testsuite hostname="ajenifer" name="com.training.sanity.tests.CustomerTest" tests="1" failures="0" timestamp="21 Jun 2019 05:43:28 GMT" time="40.040" errors="0">
  <testcase name="Cust_Search_Test" time="40.040" classname="com.training.sanity.tests.CustomerTest"/>
</testsuite> <!-- com.training.sanity.tests.CustomerTest -->
