<?xml version="1.0" encoding="UTF-8"?>
<!-- Generated by org.testng.reporters.JUnitReportReporter -->
<testsuite skipped="0" hostname="ajenifer" name="com.training.regression.tests.RegisterDBTest" tests="3" failures="0" timestamp="26 Jun 2019 15:35:01 GMT" time="117.065" errors="0">
  <testcase name="RegisterTest" time="40.411" classname="com.training.regression.tests.RegisterDBTest"/>
  <testcase name="RegisterTest" time="38.797" classname="com.training.regression.tests.RegisterDBTest"/>
  <testcase name="RegisterTest" time="37.857" classname="com.training.regression.tests.RegisterDBTest"/>
</testsuite> <!-- com.training.regression.tests.RegisterDBTest -->
