<?xml version="1.0" encoding="UTF-8"?>
<!-- Generated by org.testng.reporters.JUnitReportReporter -->
<testsuite hostname="ajenifer" name="com.training.sanity.tests.CheckOutWithoutLoginTest" tests="1" failures="0" timestamp="20 Jun 2019 05:14:38 GMT" time="52.855" errors="0">
  <testcase name="ShoppingCartTest" time="52.855" classname="com.training.sanity.tests.CheckOutWithoutLoginTest"/>
</testsuite> <!-- com.training.sanity.tests.CheckOutWithoutLoginTest -->
